{"level":"info","msg":"Initializing app","time":"2021-12-11T18:10:30+03:00"}
{"level":"info","msg":"app initialized","time":"2021-12-11T18:10:30+03:00"}
{"level":"info","msg":"loading settings","time":"2021-12-11T18:10:30+03:00"}
{"level":"info","msg":"string logrus level: Debug","time":"2021-12-11T18:10:30+03:00"}
{"level":"info","msg":"Timeout can't be 0. Default value 5 is setted","time":"2021-12-11T18:10:30+03:00"}
{"level":"info","msg":"Settings loaded","time":"2021-12-11T18:10:30+03:00"}
{"level":"info","msg":"guery: salary \u003e 100 AND Age \u003c 40 or Name == \"Mikhail\"","time":"2021-12-11T18:11:08+03:00"}
{"level":"debug","msg":"checkRecord start 5","time":"2021-12-11T18:11:08+03:00"}
{"level":"debug","msg":"checkRecord start 5 pass","time":"2021-12-11T18:11:08+03:00"}
{"level":"debug","msg":"checkRecord start 2","time":"2021-12-11T18:11:08+03:00"}
{"level":"debug","msg":"checkRecord start 2 pass","time":"2021-12-11T18:11:08+03:00"}
{"level":"debug","msg":"record 5 collected","time":"2021-12-11T18:11:08+03:00"}
{"level":"debug","msg":"checkRecord defer","time":"2021-12-11T18:11:08+03:00"}
{"level":"debug","msg":"checkRecord start 4","time":"2021-12-11T18:11:08+03:00"}
{"level":"debug","msg":"checkRecord start 1","time":"2021-12-11T18:11:08+03:00"}
{"level":"debug","msg":"checkRecord start 3","time":"2021-12-11T18:11:08+03:00"}
{"level":"debug","msg":"checkRecord defer","time":"2021-12-11T18:11:08+03:00"}
{"level":"debug","msg":"record 2 collected","time":"2021-12-11T18:11:08+03:00"}
{"level":"debug","msg":"checkRecord start 4 pass","time":"2021-12-11T18:11:08+03:00"}
{"level":"debug","msg":"checkRecord start 3 pass","time":"2021-12-11T18:11:08+03:00"}
{"level":"debug","msg":"checkRecord start 1 pass","time":"2021-12-11T18:11:08+03:00"}
{"level":"debug","msg":"record 4 collected","time":"2021-12-11T18:11:08+03:00"}
{"level":"debug","msg":"checkRecord defer","time":"2021-12-11T18:11:08+03:00"}
{"level":"debug","msg":"record 3 collected","time":"2021-12-11T18:11:08+03:00"}
{"level":"debug","msg":"record 1 collected","time":"2021-12-11T18:11:08+03:00"}
{"level":"debug","msg":"got  fileIsRead","time":"2021-12-11T18:11:08+03:00"}
{"level":"debug","msg":"checkRecord defer","time":"2021-12-11T18:11:08+03:00"}
{"level":"debug","msg":"checkRecord defer","time":"2021-12-11T18:11:08+03:00"}
{"level":"debug","msg":"end collecting","time":"2021-12-11T18:11:08+03:00"}
{"level":"info","msg":"Initializing app","time":"2021-12-11T18:17:33+03:00"}
{"level":"info","msg":"app initialized","time":"2021-12-11T18:17:33+03:00"}
{"level":"info","msg":"loading settings","time":"2021-12-11T18:17:33+03:00"}
{"level":"info","msg":"string logrus level: Debug","time":"2021-12-11T18:17:33+03:00"}
{"level":"info","msg":"Timeout can't be 0. Default value 5 is setted","time":"2021-12-11T18:17:33+03:00"}
{"level":"info","msg":"Settings loaded","time":"2021-12-11T18:17:33+03:00"}
{"level":"info","msg":"guery: name == \"Ann\"","time":"2021-12-11T18:17:37+03:00"}
{"level":"debug","msg":"checkRecord start 5","time":"2021-12-11T18:17:37+03:00"}
{"level":"debug","msg":"checkRecord start 5 pass","time":"2021-12-11T18:17:37+03:00"}
{"level":"debug","msg":"checkRecord start 3","time":"2021-12-11T18:17:37+03:00"}
{"level":"debug","msg":"checkRecord defer","time":"2021-12-11T18:17:37+03:00"}
{"level":"debug","msg":"checkRecord defer","time":"2021-12-11T18:17:37+03:00"}
{"level":"debug","msg":"checkRecord start 1","time":"2021-12-11T18:17:37+03:00"}
{"level":"debug","msg":"record 5 collected","time":"2021-12-11T18:17:37+03:00"}
{"level":"debug","msg":"checkRecord start 4","time":"2021-12-11T18:17:37+03:00"}
{"level":"debug","msg":"checkRecord start 2","time":"2021-12-11T18:17:37+03:00"}
{"level":"debug","msg":"checkRecord defer","time":"2021-12-11T18:17:37+03:00"}
{"level":"debug","msg":"checkRecord defer","time":"2021-12-11T18:17:37+03:00"}
{"level":"debug","msg":"got  fileIsRead","time":"2021-12-11T18:17:37+03:00"}
{"level":"debug","msg":"checkRecord defer","time":"2021-12-11T18:17:37+03:00"}
{"level":"debug","msg":"end collecting","time":"2021-12-11T18:17:37+03:00"}
{"level":"info","msg":"Initializing app","time":"2021-12-11T18:35:59+03:00"}
{"level":"info","msg":"app initialized","time":"2021-12-11T18:35:59+03:00"}
{"level":"info","msg":"loading settings","time":"2021-12-11T18:35:59+03:00"}
{"level":"info","msg":"string logrus level: Debug","time":"2021-12-11T18:35:59+03:00"}
{"level":"info","msg":"Timeout can't be 0. Default value 5 is setted","time":"2021-12-11T18:35:59+03:00"}
{"level":"info","msg":"Settings loaded","time":"2021-12-11T18:35:59+03:00"}
{"level":"info","msg":"guery: name == \"Ann\"","time":"2021-12-11T18:36:07+03:00"}
{"level":"debug","msg":"checkRecord start 5","time":"2021-12-11T18:36:07+03:00"}
{"level":"debug","msg":"checkRecord start 2","time":"2021-12-11T18:36:07+03:00"}
{"level":"debug","msg":"checkRecord start 5 pass","time":"2021-12-11T18:36:07+03:00"}
{"level":"debug","msg":"checkRecord start 4","time":"2021-12-11T18:36:07+03:00"}
{"level":"debug","msg":"checkRecord defer","time":"2021-12-11T18:36:07+03:00"}
{"level":"debug","msg":"record 5 collected","time":"2021-12-11T18:36:07+03:00"}
{"level":"debug","msg":"checkRecord start 1","time":"2021-12-11T18:36:07+03:00"}
{"level":"debug","msg":"checkRecord defer","time":"2021-12-11T18:36:07+03:00"}
{"level":"debug","msg":"checkRecord defer","time":"2021-12-11T18:36:07+03:00"}
{"level":"debug","msg":"checkRecord start 3","time":"2021-12-11T18:36:07+03:00"}
{"level":"debug","msg":"checkRecord defer","time":"2021-12-11T18:36:07+03:00"}
{"level":"debug","msg":"checkRecord defer","time":"2021-12-11T18:36:07+03:00"}
{"level":"debug","msg":"got  fileIsRead","time":"2021-12-11T18:36:07+03:00"}
{"level":"debug","msg":"end collecting","time":"2021-12-11T18:36:07+03:00"}
{"level":"info","msg":"Initializing app","time":"2021-12-11T18:37:11+03:00"}
{"level":"info","msg":"app initialized","time":"2021-12-11T18:37:11+03:00"}
{"level":"info","msg":"loading settings","time":"2021-12-11T18:37:11+03:00"}
{"level":"info","msg":"string logrus level: Debug","time":"2021-12-11T18:37:11+03:00"}
{"level":"info","msg":"Timeout can't be 0. Default value 5 is setted","time":"2021-12-11T18:37:11+03:00"}
{"level":"info","msg":"Settings loaded","time":"2021-12-11T18:37:11+03:00"}
{"level":"info","msg":"guery: name == \"Ann\"","time":"2021-12-11T18:37:20+03:00"}
{"level":"debug","msg":"checkRecord start 5","time":"2021-12-11T18:37:20+03:00"}
{"level":"debug","msg":"checkRecord start 5 pass","time":"2021-12-11T18:37:20+03:00"}
{"level":"debug","msg":"checkRecord start 2","time":"2021-12-11T18:37:20+03:00"}
{"level":"debug","msg":"checkRecord defer","time":"2021-12-11T18:37:20+03:00"}
{"level":"debug","msg":"checkRecord start 1","time":"2021-12-11T18:37:20+03:00"}
{"level":"debug","msg":"checkRecord start 3","time":"2021-12-11T18:37:20+03:00"}
{"level":"debug","msg":"checkRecord start 4","time":"2021-12-11T18:37:20+03:00"}
{"level":"debug","msg":"record 5 collected","time":"2021-12-11T18:37:20+03:00"}
{"level":"debug","msg":"checkRecord defer","time":"2021-12-11T18:37:20+03:00"}
{"level":"debug","msg":"checkRecord defer","time":"2021-12-11T18:37:20+03:00"}
{"level":"debug","msg":"checkRecord defer","time":"2021-12-11T18:37:20+03:00"}
{"level":"debug","msg":"checkRecord defer","time":"2021-12-11T18:37:20+03:00"}
{"level":"debug","msg":"got  fileIsRead","time":"2021-12-11T18:37:20+03:00"}
{"level":"debug","msg":"end collecting","time":"2021-12-11T18:37:20+03:00"}
{"level":"info","msg":"Initializing app","time":"2021-12-11T18:39:57+03:00"}
{"level":"info","msg":"app initialized","time":"2021-12-11T18:39:57+03:00"}
{"level":"info","msg":"loading settings","time":"2021-12-11T18:39:57+03:00"}
{"level":"info","msg":"string logrus level: Debug","time":"2021-12-11T18:39:57+03:00"}
{"level":"info","msg":"Timeout can't be 0. Default value 5 is setted","time":"2021-12-11T18:39:57+03:00"}
{"level":"info","msg":"Settings loaded","time":"2021-12-11T18:39:57+03:00"}
{"level":"info","msg":"guery: name == \"Ann\"","time":"2021-12-11T18:40:01+03:00"}
{"level":"debug","msg":"checkRecord start 5","time":"2021-12-11T18:40:01+03:00"}
{"level":"debug","msg":"checkRecord start 5 pass","time":"2021-12-11T18:40:01+03:00"}
{"level":"debug","msg":"record 5 collected","time":"2021-12-11T18:40:01+03:00"}
{"level":"debug","msg":"checkRecord start 3","time":"2021-12-11T18:40:01+03:00"}
{"level":"debug","msg":"checkRecord start 2","time":"2021-12-11T18:40:01+03:00"}
{"level":"debug","msg":"checkRecord start 1","time":"2021-12-11T18:40:01+03:00"}
{"level":"debug","msg":"checkRecord defer","time":"2021-12-11T18:40:01+03:00"}
{"level":"debug","msg":"checkRecord defer","time":"2021-12-11T18:40:01+03:00"}
{"level":"debug","msg":"checkRecord start 4","time":"2021-12-11T18:40:01+03:00"}
{"level":"debug","msg":"checkRecord defer","time":"2021-12-11T18:40:01+03:00"}
{"level":"debug","msg":"checkRecord defer","time":"2021-12-11T18:40:01+03:00"}
{"level":"debug","msg":"checkRecord defer","time":"2021-12-11T18:40:01+03:00"}
{"level":"debug","msg":"got  fileIsRead","time":"2021-12-11T18:40:01+03:00"}
{"level":"debug","msg":"end collecting","time":"2021-12-11T18:40:01+03:00"}
{"level":"info","msg":"Initializing app","time":"2021-12-11T18:40:39+03:00"}
{"level":"info","msg":"app initialized","time":"2021-12-11T18:40:39+03:00"}
{"level":"info","msg":"loading settings","time":"2021-12-11T18:40:39+03:00"}
{"level":"info","msg":"string logrus level: Debug","time":"2021-12-11T18:40:39+03:00"}
{"level":"info","msg":"Timeout can't be 0. Default value 5 is setted","time":"2021-12-11T18:40:39+03:00"}
{"level":"info","msg":"Settings loaded","time":"2021-12-11T18:40:39+03:00"}
{"level":"info","msg":"guery: name == \"Ann\"","time":"2021-12-11T18:40:44+03:00"}
{"level":"debug","msg":"checkRecord start 5","time":"2021-12-11T18:40:44+03:00"}
{"level":"debug","msg":"checkRecord start 5 pass","time":"2021-12-11T18:40:44+03:00"}
{"level":"debug","msg":"checkRecord start 2","time":"2021-12-11T18:40:44+03:00"}
{"level":"debug","msg":"checkRecord defer","time":"2021-12-11T18:40:44+03:00"}
{"level":"debug","msg":"checkRecord start 4","time":"2021-12-11T18:40:44+03:00"}
{"level":"debug","msg":"checkRecord start 3","time":"2021-12-11T18:40:44+03:00"}
{"level":"debug","msg":"record 5 collected","time":"2021-12-11T18:40:44+03:00"}
{"level":"debug","msg":"checkRecord defer","time":"2021-12-11T18:40:44+03:00"}
{"level":"debug","msg":"checkRecord start 1","time":"2021-12-11T18:40:44+03:00"}
{"level":"debug","msg":"checkRecord defer","time":"2021-12-11T18:40:44+03:00"}
{"level":"debug","msg":"got  fileIsRead","time":"2021-12-11T18:40:44+03:00"}
{"level":"debug","msg":"checkRecord defer","time":"2021-12-11T18:40:44+03:00"}
{"level":"debug","msg":"checkRecord defer","time":"2021-12-11T18:40:44+03:00"}
{"level":"debug","msg":"end collecting","time":"2021-12-11T18:40:44+03:00"}
{"level":"info","msg":"Initializing app","time":"2021-12-11T18:41:06+03:00"}
{"level":"info","msg":"app initialized","time":"2021-12-11T18:41:06+03:00"}
{"level":"info","msg":"loading settings","time":"2021-12-11T18:41:06+03:00"}
{"level":"info","msg":"string logrus level: Debug","time":"2021-12-11T18:41:06+03:00"}
{"level":"info","msg":"Timeout can't be 0. Default value 5 is setted","time":"2021-12-11T18:41:06+03:00"}
{"level":"info","msg":"Settings loaded","time":"2021-12-11T18:41:06+03:00"}
{"level":"info","msg":"guery: name == \"Ann\"","time":"2021-12-11T18:41:12+03:00"}
{"level":"debug","msg":"checkRecord start 5","time":"2021-12-11T18:41:12+03:00"}
{"level":"debug","msg":"checkRecord start 5 pass","time":"2021-12-11T18:41:12+03:00"}
{"level":"debug","msg":"checkRecord start 1","time":"2021-12-11T18:41:12+03:00"}
{"level":"debug","msg":"checkRecord start 2","time":"2021-12-11T18:41:12+03:00"}
{"level":"debug","msg":"record 5 collected","time":"2021-12-11T18:41:12+03:00"}
{"level":"debug","msg":"checkRecord start 4","time":"2021-12-11T18:41:12+03:00"}
{"level":"debug","msg":"checkRecord defer","time":"2021-12-11T18:41:12+03:00"}
{"level":"debug","msg":"checkRecord start 3","time":"2021-12-11T18:41:12+03:00"}
{"level":"debug","msg":"checkRecord defer","time":"2021-12-11T18:41:12+03:00"}
{"level":"debug","msg":"checkRecord defer","time":"2021-12-11T18:41:12+03:00"}
{"level":"debug","msg":"got  fileIsRead","time":"2021-12-11T18:41:12+03:00"}
{"level":"debug","msg":"checkRecord defer","time":"2021-12-11T18:41:12+03:00"}
{"level":"debug","msg":"checkRecord defer","time":"2021-12-11T18:41:12+03:00"}
{"level":"debug","msg":"end collecting","time":"2021-12-11T18:41:12+03:00"}
{"level":"info","msg":"Initializing app","time":"2021-12-11T18:43:46+03:00"}
{"level":"info","msg":"app initialized","time":"2021-12-11T18:43:46+03:00"}
{"level":"info","msg":"loading settings","time":"2021-12-11T18:43:46+03:00"}
{"level":"info","msg":"string logrus level: Debug","time":"2021-12-11T18:43:46+03:00"}
{"level":"info","msg":"Timeout can't be 0. Default value 5 is setted","time":"2021-12-11T18:43:46+03:00"}
{"level":"info","msg":"Settings loaded","time":"2021-12-11T18:43:46+03:00"}
{"level":"info","msg":"guery: name == \"Ann\"","time":"2021-12-11T18:43:49+03:00"}
{"level":"debug","msg":"checkRecord start 5","time":"2021-12-11T18:43:49+03:00"}
{"level":"debug","msg":"checkRecord start 5 pass","time":"2021-12-11T18:43:49+03:00"}
{"level":"debug","msg":"checkRecord start 2","time":"2021-12-11T18:43:49+03:00"}
{"level":"debug","msg":"record 5 collected","time":"2021-12-11T18:43:49+03:00"}
{"level":"debug","msg":"checkRecord start 4","time":"2021-12-11T18:43:49+03:00"}
{"level":"debug","msg":"checkRecord start 1","time":"2021-12-11T18:43:49+03:00"}
{"level":"debug","msg":"checkRecord defer","time":"2021-12-11T18:43:49+03:00"}
{"level":"debug","msg":"checkRecord start 3","time":"2021-12-11T18:43:49+03:00"}
{"level":"debug","msg":"checkRecord defer","time":"2021-12-11T18:43:49+03:00"}
{"level":"debug","msg":"checkRecord defer","time":"2021-12-11T18:43:49+03:00"}
{"level":"debug","msg":"checkRecord defer","time":"2021-12-11T18:43:49+03:00"}
{"level":"debug","msg":"checkRecord defer","time":"2021-12-11T18:43:49+03:00"}
{"level":"debug","msg":"got  fileIsRead","time":"2021-12-11T18:43:49+03:00"}
{"level":"debug","msg":"end collecting","time":"2021-12-11T18:43:49+03:00"}
{"level":"info","msg":"Initializing app","time":"2021-12-11T18:44:07+03:00"}
{"level":"info","msg":"app initialized","time":"2021-12-11T18:44:07+03:00"}
{"level":"info","msg":"loading settings","time":"2021-12-11T18:44:07+03:00"}
{"level":"info","msg":"string logrus level: Debug","time":"2021-12-11T18:44:07+03:00"}
{"level":"info","msg":"Timeout can't be 0. Default value 5 is setted","time":"2021-12-11T18:44:07+03:00"}
{"level":"info","msg":"Settings loaded","time":"2021-12-11T18:44:07+03:00"}
{"level":"info","msg":"guery: \"ANN\" = name","time":"2021-12-11T18:44:13+03:00"}
{"level":"debug","msg":"checkRecord start 5","time":"2021-12-11T18:44:13+03:00"}
{"level":"fatal","msg":"Can't evaluate \"ann\" = name , got parsing error: \"ann\" = name\t:1:7 - 1:8 unexpected \"=\" while scanning operator !","time":"2021-12-11T18:44:13+03:00"}
{"level":"info","msg":"Initializing app","time":"2021-12-11T18:45:31+03:00"}
{"level":"info","msg":"app initialized","time":"2021-12-11T18:45:31+03:00"}
{"level":"info","msg":"loading settings","time":"2021-12-11T18:45:31+03:00"}
{"level":"info","msg":"string logrus level: Debug","time":"2021-12-11T18:45:31+03:00"}
{"level":"info","msg":"Timeout can't be 0. Default value 5 is setted","time":"2021-12-11T18:45:31+03:00"}
{"level":"info","msg":"Settings loaded","time":"2021-12-11T18:45:31+03:00"}
{"level":"info","msg":"guery: name == \"Ann\"","time":"2021-12-11T18:45:38+03:00"}
{"level":"debug","msg":"checkRecord start 5","time":"2021-12-11T18:45:38+03:00"}
{"level":"debug","msg":"checkRecord start 5 pass","time":"2021-12-11T18:45:38+03:00"}
{"level":"debug","msg":"checkRecord start 2","time":"2021-12-11T18:45:38+03:00"}
{"level":"debug","msg":"checkRecord defer","time":"2021-12-11T18:45:38+03:00"}
{"level":"debug","msg":"record 5 collected","time":"2021-12-11T18:45:38+03:00"}
{"level":"debug","msg":"checkRecord start 1","time":"2021-12-11T18:45:38+03:00"}
{"level":"debug","msg":"checkRecord start 3","time":"2021-12-11T18:45:38+03:00"}
{"level":"debug","msg":"checkRecord start 4","time":"2021-12-11T18:45:38+03:00"}
{"level":"debug","msg":"checkRecord defer","time":"2021-12-11T18:45:38+03:00"}
{"level":"debug","msg":"checkRecord defer","time":"2021-12-11T18:45:38+03:00"}
{"level":"debug","msg":"checkRecord defer","time":"2021-12-11T18:45:38+03:00"}
{"level":"debug","msg":"checkRecord defer","time":"2021-12-11T18:45:38+03:00"}
{"level":"debug","msg":"got  fileIsRead","time":"2021-12-11T18:45:38+03:00"}
{"level":"debug","msg":"end collecting","time":"2021-12-11T18:45:38+03:00"}
{"level":"info","msg":"Initializing app","time":"2021-12-11T18:45:41+03:00"}
{"level":"info","msg":"app initialized","time":"2021-12-11T18:45:41+03:00"}
{"level":"info","msg":"loading settings","time":"2021-12-11T18:45:41+03:00"}
{"level":"info","msg":"string logrus level: Debug","time":"2021-12-11T18:45:41+03:00"}
{"level":"info","msg":"Timeout can't be 0. Default value 5 is setted","time":"2021-12-11T18:45:41+03:00"}
{"level":"info","msg":"Settings loaded","time":"2021-12-11T18:45:41+03:00"}
{"level":"info","msg":"guery: \"ANN == \"name","time":"2021-12-11T18:45:46+03:00"}
{"level":"debug","msg":"checkRecord start 5","time":"2021-12-11T18:45:46+03:00"}
{"level":"debug","msg":"checkRecord start 3","time":"2021-12-11T18:45:46+03:00"}
{"level":"fatal","msg":"Can't evaluate \"ann == \"name , got parsing error: \"ann == \"name\t:1:10 - 1:14 unexpected Ident while scanning operator !","time":"2021-12-11T18:45:46+03:00"}
{"level":"info","msg":"Initializing app","time":"2021-12-11T18:46:36+03:00"}
{"level":"info","msg":"app initialized","time":"2021-12-11T18:46:36+03:00"}
{"level":"info","msg":"loading settings","time":"2021-12-11T18:46:36+03:00"}
{"level":"info","msg":"string logrus level: Debug","time":"2021-12-11T18:46:36+03:00"}
{"level":"info","msg":"Timeout can't be 0. Default value 5 is setted","time":"2021-12-11T18:46:36+03:00"}
{"level":"info","msg":"Settings loaded","time":"2021-12-11T18:46:36+03:00"}
{"level":"info","msg":"guery: name == \"Ann\"","time":"2021-12-11T18:46:42+03:00"}
{"level":"debug","msg":"checkRecord start 5","time":"2021-12-11T18:46:42+03:00"}
{"level":"debug","msg":"checkRecord start 5 pass","time":"2021-12-11T18:46:42+03:00"}
{"level":"debug","msg":"checkRecord start 3","time":"2021-12-11T18:46:42+03:00"}
{"level":"debug","msg":"checkRecord defer","time":"2021-12-11T18:46:42+03:00"}
{"level":"debug","msg":"checkRecord start 2","time":"2021-12-11T18:46:42+03:00"}
{"level":"debug","msg":"checkRecord start 4","time":"2021-12-11T18:46:42+03:00"}
{"level":"debug","msg":"checkRecord start 1","time":"2021-12-11T18:46:42+03:00"}
{"level":"debug","msg":"record 5 collected","time":"2021-12-11T18:46:42+03:00"}
{"level":"debug","msg":"checkRecord defer","time":"2021-12-11T18:46:42+03:00"}
{"level":"debug","msg":"checkRecord defer","time":"2021-12-11T18:46:42+03:00"}
{"level":"debug","msg":"checkRecord defer","time":"2021-12-11T18:46:42+03:00"}
{"level":"debug","msg":"checkRecord defer","time":"2021-12-11T18:46:42+03:00"}
{"level":"debug","msg":"got  fileIsRead","time":"2021-12-11T18:46:42+03:00"}
{"level":"debug","msg":"end collecting","time":"2021-12-11T18:46:42+03:00"}
{"level":"info","msg":"Initializing app","time":"2021-12-11T18:46:44+03:00"}
{"level":"info","msg":"app initialized","time":"2021-12-11T18:46:44+03:00"}
{"level":"info","msg":"loading settings","time":"2021-12-11T18:46:44+03:00"}
{"level":"info","msg":"string logrus level: Debug","time":"2021-12-11T18:46:44+03:00"}
{"level":"info","msg":"Timeout can't be 0. Default value 5 is setted","time":"2021-12-11T18:46:44+03:00"}
{"level":"info","msg":"Settings loaded","time":"2021-12-11T18:46:44+03:00"}
{"level":"info","msg":"guery: \"Ann\" == name","time":"2021-12-11T18:46:49+03:00"}
{"level":"debug","msg":"checkRecord start 5","time":"2021-12-11T18:46:49+03:00"}
{"level":"debug","msg":"checkRecord start 5 pass","time":"2021-12-11T18:46:49+03:00"}
{"level":"debug","msg":"checkRecord start 2","time":"2021-12-11T18:46:49+03:00"}
{"level":"debug","msg":"record 5 collected","time":"2021-12-11T18:46:49+03:00"}
{"level":"debug","msg":"checkRecord start 3","time":"2021-12-11T18:46:49+03:00"}
{"level":"debug","msg":"checkRecord defer","time":"2021-12-11T18:46:49+03:00"}
{"level":"debug","msg":"checkRecord defer","time":"2021-12-11T18:46:49+03:00"}
{"level":"debug","msg":"checkRecord start 4","time":"2021-12-11T18:46:49+03:00"}
{"level":"debug","msg":"checkRecord defer","time":"2021-12-11T18:46:49+03:00"}
{"level":"debug","msg":"checkRecord start 1","time":"2021-12-11T18:46:49+03:00"}
{"level":"debug","msg":"checkRecord defer","time":"2021-12-11T18:46:49+03:00"}
{"level":"debug","msg":"checkRecord defer","time":"2021-12-11T18:46:49+03:00"}
{"level":"debug","msg":"got  fileIsRead","time":"2021-12-11T18:46:49+03:00"}
{"level":"debug","msg":"end collecting","time":"2021-12-11T18:46:49+03:00"}
{"level":"info","msg":"Initializing app","time":"2021-12-11T18:48:21+03:00"}
{"level":"info","msg":"app initialized","time":"2021-12-11T18:48:21+03:00"}
{"level":"info","msg":"loading settings","time":"2021-12-11T18:48:21+03:00"}
{"level":"info","msg":"string logrus level: Debug","time":"2021-12-11T18:48:21+03:00"}
{"level":"info","msg":"Timeout can't be 0. Default value 5 is setted","time":"2021-12-11T18:48:21+03:00"}
{"level":"info","msg":"Settings loaded","time":"2021-12-11T18:48:21+03:00"}
{"level":"info","msg":"guery: ololo","time":"2021-12-11T18:48:36+03:00"}
{"level":"info","msg":"Initializing app","time":"2021-12-11T18:48:43+03:00"}
{"level":"info","msg":"app initialized","time":"2021-12-11T18:48:43+03:00"}
{"level":"info","msg":"loading settings","time":"2021-12-11T18:48:43+03:00"}
{"level":"info","msg":"string logrus level: Debug","time":"2021-12-11T18:48:43+03:00"}
{"level":"info","msg":"Timeout can't be 0. Default value 5 is setted","time":"2021-12-11T18:48:43+03:00"}
{"level":"info","msg":"Settings loaded","time":"2021-12-11T18:48:43+03:00"}
{"level":"info","msg":"guery: AGE","time":"2021-12-11T18:48:45+03:00"}
{"level":"debug","msg":"checkRecord start 5","time":"2021-12-11T18:48:45+03:00"}
{"level":"debug","msg":"checkRecord defer","time":"2021-12-11T18:48:45+03:00"}
{"level":"debug","msg":"checkRecord start 3","time":"2021-12-11T18:48:45+03:00"}
{"level":"debug","msg":"checkRecord defer","time":"2021-12-11T18:48:45+03:00"}
{"level":"debug","msg":"checkRecord start 1","time":"2021-12-11T18:48:45+03:00"}
{"level":"debug","msg":"checkRecord start 2","time":"2021-12-11T18:48:45+03:00"}
{"level":"debug","msg":"checkRecord start 4","time":"2021-12-11T18:48:45+03:00"}
{"level":"debug","msg":"checkRecord defer","time":"2021-12-11T18:48:45+03:00"}
{"level":"debug","msg":"checkRecord defer","time":"2021-12-11T18:48:45+03:00"}
{"level":"debug","msg":"got  fileIsRead","time":"2021-12-11T18:48:45+03:00"}
{"level":"debug","msg":"checkRecord defer","time":"2021-12-11T18:48:45+03:00"}
{"level":"debug","msg":"end collecting","time":"2021-12-11T18:48:45+03:00"}
